app/build/intermediates/manifest_merge_blame_file/debug/manifest-merger-blame-debug-report.txt
1<?xml version="1.0" encoding="utf-8"?>
2<manifest xmlns:android="http://schemas.android.com/apk/res/android"
3    package="com.example.finalpay"
4    android:versionCode="1"
5    android:versionName="1.0" >
6
7    <uses-sdk
8        android:minSdkVersion="16"
8-->src\main\AndroidManifest.xml
9        android:targetSdkVersion="29" />
9-->src\main\AndroidManifest.xml
10
11    <uses-permission android:name="android.permission.INTERNET" />
11-->src\main\AndroidManifest.xml:4:5-66
11-->src\main\AndroidManifest.xml:4:22-64
12    <uses-permission android:name="android.permission.WAKE_LOCK" />
12-->src\main\AndroidManifest.xml:5:5-67
12-->src\main\AndroidManifest.xml:5:22-65
13
14    <application
14-->src\main\AndroidManifest.xml:6:5-30:19
15        android:allowBackup="true"
15-->src\main\AndroidManifest.xml:7:9-35
16        android:appComponentFactory="androidx.core.app.CoreComponentFactory"
16-->[androidx.core:core:1.3.1] AndroidManifest.xml:24:18-86
17        android:debuggable="true"
18        android:icon="@mipmap/mainlogo"
18-->src\main\AndroidManifest.xml:9:9-40
19        android:label="@string/app_name"
19-->src\main\AndroidManifest.xml:8:9-41
20        android:roundIcon="@mipmap/mainlogo"
20-->src\main\AndroidManifest.xml:10:9-45
21        android:supportsRtl="true"
21-->src\main\AndroidManifest.xml:11:9-35
22        android:testOnly="true"
23        android:theme="@style/AppTheme" >
23-->src\main\AndroidManifest.xml:12:9-40
24        <activity
24-->src\main\AndroidManifest.xml:14:9-18:68
25            android:name="com.example.finalpay.HomeScreen"
25-->src\main\AndroidManifest.xml:15:13-39
26            android:label="@string/title_activity_home_screen"
26-->src\main\AndroidManifest.xml:16:13-63
27            android:screenOrientation="portrait"
27-->src\main\AndroidManifest.xml:17:13-51
28            android:theme="@style/AppTheme.NoActionBar" />
28-->src\main\AndroidManifest.xml:18:13-56
29        <activity
29-->src\main\AndroidManifest.xml:19:9-21:53
30            android:name="com.example.finalpay.StudentRegister"
30-->src\main\AndroidManifest.xml:19:19-50
31            android:label="@string/login"
31-->src\main\AndroidManifest.xml:20:13-42
32            android:screenOrientation="portrait" />
32-->src\main\AndroidManifest.xml:21:13-51
33        <activity
33-->src\main\AndroidManifest.xml:22:9-29:20
34            android:name="com.example.finalpay.MainActivity"
34-->src\main\AndroidManifest.xml:22:19-47
35            android:screenOrientation="portrait" >
35-->src\main\AndroidManifest.xml:23:13-51
36            <intent-filter>
36-->src\main\AndroidManifest.xml:24:13-28:29
37                <action android:name="android.intent.action.MAIN" />
37-->src\main\AndroidManifest.xml:25:17-69
37-->src\main\AndroidManifest.xml:25:25-66
38
39                <category android:name="android.intent.category.LAUNCHER" />
39-->src\main\AndroidManifest.xml:27:17-77
39-->src\main\AndroidManifest.xml:27:27-74
40            </intent-filter>
41        </activity>
42
43        <provider
43-->[androidx.lifecycle:lifecycle-process:2.2.0] AndroidManifest.xml:25:9-29:43
44            android:name="androidx.lifecycle.ProcessLifecycleOwnerInitializer"
44-->[androidx.lifecycle:lifecycle-process:2.2.0] AndroidManifest.xml:26:13-79
45            android:authorities="com.example.finalpay.lifecycle-process"
45-->[androidx.lifecycle:lifecycle-process:2.2.0] AndroidManifest.xml:27:13-69
46            android:exported="false"
46-->[androidx.lifecycle:lifecycle-process:2.2.0] AndroidManifest.xml:28:13-37
47            android:multiprocess="true" />
47-->[androidx.lifecycle:lifecycle-process:2.2.0] AndroidManifest.xml:29:13-40
48    </application>
49
50</manifest>